# JRE version: Java(TM) SE Runtime Environment (13.0.1+9) (build 13.0.1+9)
# Java VM: Java HotSpot(TM) 64-Bit Server VM (13.0.1+9, mixed mode, sharing, tiered, compressed oops, g1 gc, windows-amd64)
Heap:
 garbage-first heap   total 195584K, used 144242K [0x0000000702000000, 0x0000000800000000)
  region size 1024K, 97 young (99328K), 7 survivors (7168K)
 Metaspace       used 74323K, capacity 77641K, committed 77952K, reserved 1116160K
  class space    used 10612K, capacity 11843K, committed 11904K, reserved 1048576K
GC Heap History (20 events):
Event: 4.057 GC heap before
{Heap before GC invocations=14 (full 0):
 garbage-first heap   total 158720K, used 65326K [0x0000000702000000, 0x0000000800000000)
  region size 1024K, 51 young (52224K), 10 survivors (10240K)
 Metaspace       used 34611K, capacity 35799K, committed 35840K, reserved 1079296K
  class space    used 4599K, capacity 5079K, committed 5120K, reserved 1048576K
}
Event: 4.072 GC heap after
{Heap after GC invocations=15 (full 0):
 garbage-first heap   total 158720K, used 25024K [0x0000000702000000, 0x0000000800000000)
  region size 1024K, 5 young (5120K), 5 survivors (5120K)
 Metaspace       used 34611K, capacity 35799K, committed 35840K, reserved 1079296K
  class space    used 4599K, capacity 5079K, committed 5120K, reserved 1048576K
}
Event: 4.631 GC heap before
{Heap before GC invocations=16 (full 0):
 garbage-first heap   total 92160K, used 74176K [0x0000000702000000, 0x0000000800000000)
  region size 1024K, 54 young (55296K), 5 survivors (5120K)
 Metaspace       used 39096K, capacity 40406K, committed 40576K, reserved 1083392K
  class space    used 5219K, capacity 5694K, committed 5760K, reserved 1048576K
}
Event: 4.642 GC heap after
{Heap after GC invocations=17 (full 0):
 garbage-first heap   total 130048K, used 27542K [0x0000000702000000, 0x0000000800000000)
  region size 1024K, 5 young (5120K), 5 survivors (5120K)
 Metaspace       used 39096K, capacity 40406K, committed 40576K, reserved 1083392K
  class space    used 5219K, capacity 5694K, committed 5760K, reserved 1048576K
}
Event: 5.215 GC heap before
{Heap before GC invocations=17 (full 0):
 garbage-first heap   total 130048K, used 95126K [0x0000000702000000, 0x0000000800000000)
  region size 1024K, 72 young (73728K), 5 survivors (5120K)
 Metaspace       used 48352K, capacity 49768K, committed 49920K, reserved 1091584K
  class space    used 6635K, capacity 7163K, committed 7168K, reserved 1048576K
}
Event: 5.223 GC heap after
{Heap after GC invocations=18 (full 0):
 garbage-first heap   total 130048K, used 30266K [0x0000000702000000, 0x0000000800000000)
  region size 1024K, 8 young (8192K), 8 survivors (8192K)
 Metaspace       used 48352K, capacity 49768K, committed 49920K, reserved 1091584K
  class space    used 6635K, capacity 7163K, committed 7168K, reserved 1048576K
}
Event: 5.736 GC heap before
{Heap before GC invocations=18 (full 0):
 garbage-first heap   total 130048K, used 98874K [0x0000000702000000, 0x0000000800000000)
  region size 1024K, 75 young (76800K), 8 survivors (8192K)
 Metaspace       used 53552K, capacity 55205K, committed 55424K, reserved 1097728K
  class space    used 7369K, capacity 7947K, committed 8064K, reserved 1048576K
}
Event: 5.747 GC heap after
{Heap after GC invocations=19 (full 0):
 garbage-first heap   total 130048K, used 33687K [0x0000000702000000, 0x0000000800000000)
  region size 1024K, 7 young (7168K), 7 survivors (7168K)
 Metaspace       used 53552K, capacity 55205K, committed 55424K, reserved 1097728K
  class space    used 7369K, capacity 7947K, committed 8064K, reserved 1048576K
}
Event: 6.136 GC heap before
{Heap before GC invocations=19 (full 0):
 garbage-first heap   total 130048K, used 100247K [0x0000000702000000, 0x0000000800000000)
  region size 1024K, 72 young (73728K), 7 survivors (7168K)
 Metaspace       used 54899K, capacity 56653K, committed 56832K, reserved 1097728K
  class space    used 7547K, capacity 8186K, committed 8192K, reserved 1048576K
}
Event: 6.142 GC heap after
{Heap after GC invocations=20 (full 0):
 garbage-first heap   total 130048K, used 35868K [0x0000000702000000, 0x0000000800000000)
  region size 1024K, 6 young (6144K), 6 survivors (6144K)
 Metaspace       used 54899K, capacity 56653K, committed 56832K, reserved 1097728K
  class space    used 7547K, capacity 8186K, committed 8192K, reserved 1048576K
}
Event: 6.490 GC heap before
{Heap before GC invocations=20 (full 0):
 garbage-first heap   total 130048K, used 102428K [0x0000000702000000, 0x0000000800000000)
  region size 1024K, 71 young (72704K), 6 survivors (6144K)
 Metaspace       used 56175K, capacity 57976K, committed 58112K, reserved 1099776K
  class space    used 7717K, capacity 8359K, committed 8448K, reserved 1048576K
}
Event: 6.498 GC heap after
{Heap after GC invocations=21 (full 0):
 garbage-first heap   total 162816K, used 39244K [0x0000000702000000, 0x0000000800000000)
  region size 1024K, 6 young (6144K), 6 survivors (6144K)
 Metaspace       used 56175K, capacity 57976K, committed 58112K, reserved 1099776K
  class space    used 7717K, capacity 8359K, committed 8448K, reserved 1048576K
}
Event: 6.946 GC heap before
{Heap before GC invocations=21 (full 0):
 garbage-first heap   total 162816K, used 116044K [0x0000000702000000, 0x0000000800000000)
  region size 1024K, 82 young (83968K), 6 survivors (6144K)
 Metaspace       used 58194K, capacity 60068K, committed 60160K, reserved 1101824K
  class space    used 8058K, capacity 8754K, committed 8832K, reserved 1048576K
}
Event: 6.954 GC heap after
{Heap after GC invocations=22 (full 0):
 garbage-first heap   total 162816K, used 42769K [0x0000000702000000, 0x0000000800000000)
  region size 1024K, 10 young (10240K), 10 survivors (10240K)
 Metaspace       used 58194K, capacity 60068K, committed 60160K, reserved 1101824K
  class space    used 8058K, capacity 8754K, committed 8832K, reserved 1048576K
}
Event: 7.425 GC heap before
{Heap before GC invocations=23 (full 0):
 garbage-first heap   total 162816K, used 123665K [0x0000000702000000, 0x0000000800000000)
  region size 1024K, 89 young (91136K), 10 survivors (10240K)
 Metaspace       used 59659K, capacity 61656K, committed 61824K, reserved 1101824K
  class space    used 8333K, capacity 9091K, committed 9216K, reserved 1048576K
}
Event: 7.435 GC heap after
{Heap after GC invocations=24 (full 0):
 garbage-first heap   total 162816K, used 46652K [0x0000000702000000, 0x0000000800000000)
  region size 1024K, 8 young (8192K), 8 survivors (8192K)
 Metaspace       used 59659K, capacity 61656K, committed 61824K, reserved 1101824K
  class space    used 8333K, capacity 9091K, committed 9216K, reserved 1048576K
}
Event: 7.943 GC heap before
{Heap before GC invocations=24 (full 0):
 garbage-first heap   total 162816K, used 126524K [0x0000000702000000, 0x0000000800000000)
  region size 1024K, 86 young (88064K), 8 survivors (8192K)
 Metaspace       used 62636K, capacity 65260K, committed 65408K, reserved 1105920K
  class space    used 8888K, capacity 9845K, committed 9856K, reserved 1048576K
}
Event: 7.952 GC heap after
{Heap after GC invocations=25 (full 0):
 garbage-first heap   total 162816K, used 50914K [0x0000000702000000, 0x0000000800000000)
  region size 1024K, 9 young (9216K), 9 survivors (9216K)
 Metaspace       used 62636K, capacity 65260K, committed 65408K, reserved 1105920K
  class space    used 8888K, capacity 9845K, committed 9856K, reserved 1048576K
}
Event: 8.554 GC heap before
{Heap before GC invocations=25 (full 0):
 garbage-first heap   total 162816K, used 127714K [0x0000000702000000, 0x0000000800000000)
  region size 1024K, 85 young (87040K), 9 survivors (9216K)
 Metaspace       used 64703K, capacity 67508K, committed 67584K, reserved 1105920K
  class space    used 9163K, capacity 10187K, committed 10240K, reserved 1048576K
}
Event: 8.561 GC heap after
{Heap after GC invocations=26 (full 0):
 garbage-first heap   total 195584K, used 52082K [0x0000000702000000, 0x0000000800000000)
  region size 1024K, 7 young (7168K), 7 survivors (7168K)
 Metaspace       used 64703K, capacity 67508K, committed 67584K, reserved 1105920K
  class space    used 9163K, capacity 10187K, committed 10240K, reserved 1048576K
}

