# JRE version: Java(TM) SE Runtime Environment (13.0.1+9) (build 13.0.1+9)
# Java VM: Java HotSpot(TM) 64-Bit Server VM (13.0.1+9, mixed mode, sharing, tiered, compressed oops, g1 gc, windows-amd64)
Heap:
 garbage-first heap   total 189440K, used 67862K [0x0000000702000000, 0x0000000800000000)
  region size 1024K, 21 young (21504K), 10 survivors (10240K)
 Metaspace       used 74324K, capacity 77587K, committed 77820K, reserved 1116160K
  class space    used 10613K, capacity 11844K, committed 11904K, reserved 1048576K
GC Heap History (20 events):
Event: 4.557 GC heap before
{Heap before GC invocations=17 (full 0):
 garbage-first heap   total 92160K, used 74704K [0x0000000702000000, 0x0000000800000000)
  region size 1024K, 54 young (55296K), 6 survivors (6144K)
 Metaspace       used 38739K, capacity 40028K, committed 40060K, reserved 1083392K
  class space    used 5147K, capacity 5629K, committed 5632K, reserved 1048576K
}
Event: 4.569 GC heap after
{Heap after GC invocations=18 (full 0):
 garbage-first heap   total 133120K, used 27691K [0x0000000702000000, 0x0000000800000000)
  region size 1024K, 5 young (5120K), 5 survivors (5120K)
 Metaspace       used 38739K, capacity 40028K, committed 40060K, reserved 1083392K
  class space    used 5147K, capacity 5629K, committed 5632K, reserved 1048576K
}
Event: 5.133 GC heap before
{Heap before GC invocations=18 (full 0):
 garbage-first heap   total 133120K, used 96299K [0x0000000702000000, 0x0000000800000000)
  region size 1024K, 72 young (73728K), 5 survivors (5120K)
 Metaspace       used 48328K, capacity 49680K, committed 49788K, reserved 1091584K
  class space    used 6634K, capacity 7131K, committed 7168K, reserved 1048576K
}
Event: 5.141 GC heap after
{Heap after GC invocations=19 (full 0):
 garbage-first heap   total 133120K, used 30052K [0x0000000702000000, 0x0000000800000000)
  region size 1024K, 6 young (6144K), 6 survivors (6144K)
 Metaspace       used 48328K, capacity 49680K, committed 49788K, reserved 1091584K
  class space    used 6634K, capacity 7131K, committed 7168K, reserved 1048576K
}
Event: 5.660 GC heap before
{Heap before GC invocations=19 (full 0):
 garbage-first heap   total 133120K, used 98660K [0x0000000702000000, 0x0000000800000000)
  region size 1024K, 73 young (74752K), 6 survivors (6144K)
 Metaspace       used 53547K, capacity 55207K, committed 55548K, reserved 1097728K
  class space    used 7367K, capacity 7946K, committed 8064K, reserved 1048576K
}
Event: 5.669 GC heap after
{Heap after GC invocations=20 (full 0):
 garbage-first heap   total 133120K, used 33134K [0x0000000702000000, 0x0000000800000000)
  region size 1024K, 9 young (9216K), 9 survivors (9216K)
 Metaspace       used 53547K, capacity 55207K, committed 55548K, reserved 1097728K
  class space    used 7367K, capacity 7946K, committed 8064K, reserved 1048576K
}
Event: 6.113 GC heap before
{Heap before GC invocations=20 (full 0):
 garbage-first heap   total 133120K, used 100718K [0x0000000702000000, 0x0000000800000000)
  region size 1024K, 75 young (76800K), 9 survivors (9216K)
 Metaspace       used 54931K, capacity 56673K, committed 56700K, reserved 1097728K
  class space    used 7549K, capacity 8189K, committed 8192K, reserved 1048576K
}
Event: 6.121 GC heap after
{Heap after GC invocations=21 (full 0):
 garbage-first heap   total 133120K, used 35931K [0x0000000702000000, 0x0000000800000000)
  region size 1024K, 7 young (7168K), 7 survivors (7168K)
 Metaspace       used 54931K, capacity 56673K, committed 56700K, reserved 1097728K
  class space    used 7549K, capacity 8189K, committed 8192K, reserved 1048576K
}
Event: 6.473 GC heap before
{Heap before GC invocations=21 (full 0):
 garbage-first heap   total 133120K, used 103515K [0x0000000702000000, 0x0000000800000000)
  region size 1024K, 73 young (74752K), 7 survivors (7168K)
 Metaspace       used 56178K, capacity 57984K, committed 58236K, reserved 1099776K
  class space    used 7716K, capacity 8359K, committed 8448K, reserved 1048576K
}
Event: 6.481 GC heap after
{Heap after GC invocations=22 (full 0):
 garbage-first heap   total 172032K, used 39220K [0x0000000702000000, 0x0000000800000000)
  region size 1024K, 6 young (6144K), 6 survivors (6144K)
 Metaspace       used 56178K, capacity 57984K, committed 58236K, reserved 1099776K
  class space    used 7716K, capacity 8359K, committed 8448K, reserved 1048576K
}
Event: 6.902 GC heap before
{Heap before GC invocations=22 (full 0):
 garbage-first heap   total 172032K, used 107828K [0x0000000702000000, 0x0000000800000000)
  region size 1024K, 74 young (75776K), 6 survivors (6144K)
 Metaspace       used 57876K, capacity 59787K, committed 59900K, reserved 1099776K
  class space    used 8006K, capacity 8722K, committed 8832K, reserved 1048576K
}
Event: 6.909 GC heap after
{Heap after GC invocations=23 (full 0):
 garbage-first heap   total 172032K, used 42292K [0x0000000702000000, 0x0000000800000000)
  region size 1024K, 9 young (9216K), 9 survivors (9216K)
 Metaspace       used 57876K, capacity 59787K, committed 59900K, reserved 1099776K
  class space    used 8006K, capacity 8722K, committed 8832K, reserved 1048576K
}
Event: 7.437 GC heap before
{Heap before GC invocations=24 (full 0):
 garbage-first heap   total 157696K, used 127284K [0x0000000702000000, 0x0000000800000000)
  region size 1024K, 92 young (94208K), 9 survivors (9216K)
 Metaspace       used 59615K, capacity 61625K, committed 61692K, reserved 1101824K
  class space    used 8326K, capacity 9057K, committed 9088K, reserved 1048576K
}
Event: 7.446 GC heap after
{Heap after GC invocations=25 (full 0):
 garbage-first heap   total 157696K, used 46386K [0x0000000702000000, 0x0000000800000000)
  region size 1024K, 8 young (8192K), 8 survivors (8192K)
 Metaspace       used 59615K, capacity 61625K, committed 61692K, reserved 1101824K
  class space    used 8326K, capacity 9057K, committed 9088K, reserved 1048576K
}
Event: 7.929 GC heap before
{Heap before GC invocations=25 (full 0):
 garbage-first heap   total 157696K, used 122162K [0x0000000702000000, 0x0000000800000000)
  region size 1024K, 82 young (83968K), 8 survivors (8192K)
 Metaspace       used 62335K, capacity 64808K, committed 65020K, reserved 1103872K
  class space    used 8814K, capacity 9735K, committed 9856K, reserved 1048576K
}
Event: 7.938 GC heap after
{Heap after GC invocations=26 (full 0):
 garbage-first heap   total 157696K, used 50662K [0x0000000702000000, 0x0000000800000000)
  region size 1024K, 9 young (9216K), 9 survivors (9216K)
 Metaspace       used 62335K, capacity 64808K, committed 65020K, reserved 1103872K
  class space    used 8814K, capacity 9735K, committed 9856K, reserved 1048576K
}
Event: 8.485 GC heap before
{Heap before GC invocations=26 (full 0):
 garbage-first heap   total 157696K, used 124390K [0x0000000702000000, 0x0000000800000000)
  region size 1024K, 81 young (82944K), 9 survivors (9216K)
 Metaspace       used 63530K, capacity 66207K, committed 66428K, reserved 1105920K
  class space    used 9006K, capacity 9984K, committed 9984K, reserved 1048576K
}
Event: 8.493 GC heap after
{Heap after GC invocations=27 (full 0):
 garbage-first heap   total 189440K, used 51216K [0x0000000702000000, 0x0000000800000000)
  region size 1024K, 6 young (6144K), 6 survivors (6144K)
 Metaspace       used 63530K, capacity 66207K, committed 66428K, reserved 1105920K
  class space    used 9006K, capacity 9984K, committed 9984K, reserved 1048576K
}
Event: 9.391 GC heap before
{Heap before GC invocations=27 (full 0):
 garbage-first heap   total 189440K, used 143376K [0x0000000702000000, 0x0000000800000000)
  region size 1024K, 97 young (99328K), 6 survivors (6144K)
 Metaspace       used 73407K, capacity 76653K, committed 76924K, reserved 1114112K
  class space    used 10499K, capacity 11721K, committed 11776K, reserved 1048576K
}
Event: 9.402 GC heap after
{Heap after GC invocations=28 (full 0):
 garbage-first heap   total 189440K, used 55574K [0x0000000702000000, 0x0000000800000000)
  region size 1024K, 10 young (10240K), 10 survivors (10240K)
 Metaspace       used 73407K, capacity 76653K, committed 76924K, reserved 1114112K
  class space    used 10499K, capacity 11721K, committed 11776K, reserved 1048576K
}

