# JRE version: Java(TM) SE Runtime Environment (13.0.1+9) (build 13.0.1+9)
# Java VM: Java HotSpot(TM) 64-Bit Server VM (13.0.1+9, mixed mode, sharing, tiered, compressed oops, g1 gc, windows-amd64)
Heap:
 garbage-first heap   total 193536K, used 61662K [0x0000000702000000, 0x0000000800000000)
  region size 1024K, 15 young (15360K), 11 survivors (11264K)
 Metaspace       used 74310K, capacity 77593K, committed 77820K, reserved 1116160K
  class space    used 10611K, capacity 11843K, committed 11904K, reserved 1048576K
GC Heap History (20 events):
Event: 4.453 GC heap before
{Heap before GC invocations=16 (full 0):
 garbage-first heap   total 96256K, used 73648K [0x0000000702000000, 0x0000000800000000)
  region size 1024K, 56 young (57344K), 9 survivors (9216K)
 Metaspace       used 38529K, capacity 39812K, committed 40060K, reserved 1083392K
  class space    used 5109K, capacity 5597K, committed 5632K, reserved 1048576K
}
Event: 4.468 GC heap after
{Heap after GC invocations=17 (full 0):
 garbage-first heap   total 132096K, used 27926K [0x0000000702000000, 0x0000000800000000)
  region size 1024K, 5 young (5120K), 5 survivors (5120K)
 Metaspace       used 38529K, capacity 39812K, committed 40060K, reserved 1083392K
  class space    used 5109K, capacity 5597K, committed 5632K, reserved 1048576K
}
Event: 5.023 GC heap before
{Heap before GC invocations=17 (full 0):
 garbage-first heap   total 132096K, used 95510K [0x0000000702000000, 0x0000000800000000)
  region size 1024K, 71 young (72704K), 5 survivors (5120K)
 Metaspace       used 48303K, capacity 49621K, committed 49788K, reserved 1091584K
  class space    used 6628K, capacity 7130K, committed 7168K, reserved 1048576K
}
Event: 5.031 GC heap after
{Heap after GC invocations=18 (full 0):
 garbage-first heap   total 132096K, used 30430K [0x0000000702000000, 0x0000000800000000)
  region size 1024K, 6 young (6144K), 6 survivors (6144K)
 Metaspace       used 48303K, capacity 49621K, committed 49788K, reserved 1091584K
  class space    used 6628K, capacity 7130K, committed 7168K, reserved 1048576K
}
Event: 5.543 GC heap before
{Heap before GC invocations=18 (full 0):
 garbage-first heap   total 132096K, used 98014K [0x0000000702000000, 0x0000000800000000)
  region size 1024K, 72 young (73728K), 6 survivors (6144K)
 Metaspace       used 53546K, capacity 55215K, committed 55548K, reserved 1097728K
  class space    used 7365K, capacity 7946K, committed 8064K, reserved 1048576K
}
Event: 5.553 GC heap after
{Heap after GC invocations=19 (full 0):
 garbage-first heap   total 132096K, used 33412K [0x0000000702000000, 0x0000000800000000)
  region size 1024K, 6 young (6144K), 6 survivors (6144K)
 Metaspace       used 53546K, capacity 55215K, committed 55548K, reserved 1097728K
  class space    used 7365K, capacity 7946K, committed 8064K, reserved 1048576K
}
Event: 5.959 GC heap before
{Heap before GC invocations=19 (full 0):
 garbage-first heap   total 132096K, used 99972K [0x0000000702000000, 0x0000000800000000)
  region size 1024K, 71 young (72704K), 6 survivors (6144K)
 Metaspace       used 54862K, capacity 56567K, committed 56700K, reserved 1097728K
  class space    used 7541K, capacity 8153K, committed 8192K, reserved 1048576K
}
Event: 5.966 GC heap after
{Heap after GC invocations=20 (full 0):
 garbage-first heap   total 132096K, used 36520K [0x0000000702000000, 0x0000000800000000)
  region size 1024K, 6 young (6144K), 6 survivors (6144K)
 Metaspace       used 54862K, capacity 56567K, committed 56700K, reserved 1097728K
  class space    used 7541K, capacity 8153K, committed 8192K, reserved 1048576K
}
Event: 6.341 GC heap before
{Heap before GC invocations=20 (full 0):
 garbage-first heap   total 132096K, used 103080K [0x0000000702000000, 0x0000000800000000)
  region size 1024K, 71 young (72704K), 6 survivors (6144K)
 Metaspace       used 56157K, capacity 57928K, committed 58236K, reserved 1099776K
  class space    used 7713K, capacity 8359K, committed 8448K, reserved 1048576K
}
Event: 6.349 GC heap after
{Heap after GC invocations=21 (full 0):
 garbage-first heap   total 174080K, used 39653K [0x0000000702000000, 0x0000000800000000)
  region size 1024K, 6 young (6144K), 6 survivors (6144K)
 Metaspace       used 56157K, capacity 57928K, committed 58236K, reserved 1099776K
  class space    used 7713K, capacity 8359K, committed 8448K, reserved 1048576K
}
Event: 6.774 GC heap before
{Heap before GC invocations=21 (full 0):
 garbage-first heap   total 174080K, used 113381K [0x0000000702000000, 0x0000000800000000)
  region size 1024K, 79 young (80896K), 6 survivors (6144K)
 Metaspace       used 57806K, capacity 59726K, committed 59900K, reserved 1099776K
  class space    used 7995K, capacity 8720K, committed 8832K, reserved 1048576K
}
Event: 6.782 GC heap after
{Heap after GC invocations=22 (full 0):
 garbage-first heap   total 174080K, used 42931K [0x0000000702000000, 0x0000000800000000)
  region size 1024K, 10 young (10240K), 10 survivors (10240K)
 Metaspace       used 57806K, capacity 59726K, committed 59900K, reserved 1099776K
  class space    used 7995K, capacity 8720K, committed 8832K, reserved 1048576K
}
Event: 7.285 GC heap before
{Heap before GC invocations=23 (full 0):
 garbage-first heap   total 160768K, used 127923K [0x0000000702000000, 0x0000000800000000)
  region size 1024K, 93 young (95232K), 10 survivors (10240K)
 Metaspace       used 59617K, capacity 61633K, committed 61692K, reserved 1101824K
  class space    used 8324K, capacity 9057K, committed 9088K, reserved 1048576K
}
Event: 7.296 GC heap after
{Heap after GC invocations=24 (full 0):
 garbage-first heap   total 160768K, used 46916K [0x0000000702000000, 0x0000000800000000)
  region size 1024K, 8 young (8192K), 8 survivors (8192K)
 Metaspace       used 59617K, capacity 61633K, committed 61692K, reserved 1101824K
  class space    used 8324K, capacity 9057K, committed 9088K, reserved 1048576K
}
Event: 7.792 GC heap before
{Heap before GC invocations=24 (full 0):
 garbage-first heap   total 160768K, used 123716K [0x0000000702000000, 0x0000000800000000)
  region size 1024K, 83 young (84992K), 8 survivors (8192K)
 Metaspace       used 62430K, capacity 64943K, committed 65276K, reserved 1105920K
  class space    used 8839K, capacity 9777K, committed 9856K, reserved 1048576K
}
Event: 7.801 GC heap after
{Heap after GC invocations=25 (full 0):
 garbage-first heap   total 160768K, used 51167K [0x0000000702000000, 0x0000000800000000)
  region size 1024K, 9 young (9216K), 9 survivors (9216K)
 Metaspace       used 62430K, capacity 64943K, committed 65276K, reserved 1105920K
  class space    used 8839K, capacity 9777K, committed 9856K, reserved 1048576K
}
Event: 8.395 GC heap before
{Heap before GC invocations=25 (full 0):
 garbage-first heap   total 160768K, used 126943K [0x0000000702000000, 0x0000000800000000)
  region size 1024K, 83 young (84992K), 9 survivors (9216K)
 Metaspace       used 63830K, capacity 66551K, committed 66812K, reserved 1105920K
  class space    used 9037K, capacity 10032K, committed 10112K, reserved 1048576K
}
Event: 8.403 GC heap after
{Heap after GC invocations=26 (full 0):
 garbage-first heap   total 193536K, used 51550K [0x0000000702000000, 0x0000000800000000)
  region size 1024K, 6 young (6144K), 6 survivors (6144K)
 Metaspace       used 63830K, capacity 66551K, committed 66812K, reserved 1105920K
  class space    used 9037K, capacity 10032K, committed 10112K, reserved 1048576K
}
Event: 9.247 GC heap before
{Heap before GC invocations=26 (full 0):
 garbage-first heap   total 193536K, used 148830K [0x0000000702000000, 0x0000000800000000)
  region size 1024K, 100 young (102400K), 6 survivors (6144K)
 Metaspace       used 74013K, capacity 77261K, committed 77564K, reserved 1116160K
  class space    used 10573K, capacity 11793K, committed 11904K, reserved 1048576K
}
Event: 9.258 GC heap after
{Heap after GC invocations=27 (full 0):
 garbage-first heap   total 193536K, used 58590K [0x0000000702000000, 0x0000000800000000)
  region size 1024K, 11 young (11264K), 11 survivors (11264K)
 Metaspace       used 74013K, capacity 77261K, committed 77564K, reserved 1116160K
  class space    used 10573K, capacity 11793K, committed 11904K, reserved 1048576K
}

