# JRE version: Java(TM) SE Runtime Environment (11.0.6+8) (build 11.0.6+8-LTS)
# Java VM: Java HotSpot(TM) 64-Bit Server VM (11.0.6+8-LTS, mixed mode, tiered, compressed oops, g1 gc, windows-amd64)
Heap:
 garbage-first heap   total 374784K, used 212018K [0x0000000702000000, 0x0000000800000000)
  region size 1024K, 179 young (183296K), 21 survivors (21504K)
 Metaspace       used 83947K, capacity 87419K, committed 87552K, reserved 1124352K
  class space    used 11571K, capacity 12935K, committed 13056K, reserved 1048576K
GC Heap History (10 events):
Event: 2.955 GC heap before
{Heap before GC invocations=7 (full 0):
 garbage-first heap   total 312320K, used 43782K [0x0000000702000000, 0x0000000800000000)
  region size 1024K, 35 young (35840K), 9 survivors (9216K)
 Metaspace       used 34878K, capacity 35786K, committed 35840K, reserved 1081344K
  class space    used 4329K, capacity 4682K, committed 4736K, reserved 1048576K
}
Event: 2.962 GC heap after
{Heap after GC invocations=8 (full 0):
 garbage-first heap   total 312320K, used 18724K [0x0000000702000000, 0x0000000800000000)
  region size 1024K, 10 young (10240K), 10 survivors (10240K)
 Metaspace       used 34878K, capacity 35786K, committed 35840K, reserved 1081344K
  class space    used 4329K, capacity 4682K, committed 4736K, reserved 1048576K
}
Event: 4.078 GC heap before
{Heap before GC invocations=9 (full 0):
 garbage-first heap   total 312320K, used 195876K [0x0000000702000000, 0x0000000800000000)
  region size 1024K, 183 young (187392K), 10 survivors (10240K)
 Metaspace       used 44842K, capacity 46183K, committed 46336K, reserved 1089536K
  class space    used 5577K, capacity 6117K, committed 6144K, reserved 1048576K
}
Event: 4.089 GC heap after
{Heap after GC invocations=10 (full 0):
 garbage-first heap   total 312320K, used 25688K [0x0000000702000000, 0x0000000800000000)
  region size 1024K, 17 young (17408K), 17 survivors (17408K)
 Metaspace       used 44842K, capacity 46183K, committed 46336K, reserved 1089536K
  class space    used 5577K, capacity 6117K, committed 6144K, reserved 1048576K
}
Event: 5.062 GC heap before
{Heap before GC invocations=10 (full 0):
 garbage-first heap   total 312320K, used 137304K [0x0000000702000000, 0x0000000800000000)
  region size 1024K, 127 young (130048K), 17 survivors (17408K)
 Metaspace       used 58545K, capacity 60066K, committed 60160K, reserved 1101824K
  class space    used 7634K, capacity 8236K, committed 8320K, reserved 1048576K
}
Event: 5.084 GC heap after
{Heap after GC invocations=11 (full 0):
 garbage-first heap   total 374784K, used 30495K [0x0000000702000000, 0x0000000800000000)
  region size 1024K, 17 young (17408K), 17 survivors (17408K)
 Metaspace       used 58545K, capacity 60066K, committed 60160K, reserved 1101824K
  class space    used 7634K, capacity 8236K, committed 8320K, reserved 1048576K
}
Event: 6.413 GC heap before
{Heap before GC invocations=12 (full 0):
 garbage-first heap   total 374784K, used 237343K [0x0000000702000000, 0x0000000800000000)
  region size 1024K, 219 young (224256K), 17 survivors (17408K)
 Metaspace       used 65964K, capacity 68026K, committed 68224K, reserved 1107968K
  class space    used 8709K, capacity 9478K, committed 9600K, reserved 1048576K
}
Event: 6.429 GC heap after
{Heap after GC invocations=13 (full 0):
 garbage-first heap   total 374784K, used 40152K [0x0000000702000000, 0x0000000800000000)
  region size 1024K, 23 young (23552K), 23 survivors (23552K)
 Metaspace       used 65964K, capacity 68026K, committed 68224K, reserved 1107968K
  class space    used 8709K, capacity 9478K, committed 9600K, reserved 1048576K
}
Event: 7.747 GC heap before
{Heap before GC invocations=13 (full 0):
 garbage-first heap   total 374784K, used 240856K [0x0000000702000000, 0x0000000800000000)
  region size 1024K, 219 young (224256K), 23 survivors (23552K)
 Metaspace       used 71950K, capacity 74752K, committed 74880K, reserved 1114112K
  class space    used 9753K, capacity 10821K, committed 10880K, reserved 1048576K
}
Event: 7.769 GC heap after
{Heap after GC invocations=14 (full 0):
 garbage-first heap   total 374784K, used 50226K [0x0000000702000000, 0x0000000800000000)
  region size 1024K, 21 young (21504K), 21 survivors (21504K)
 Metaspace       used 71950K, capacity 74752K, committed 74880K, reserved 1114112K
  class space    used 9753K, capacity 10821K, committed 10880K, reserved 1048576K
}

