# JRE version: Java(TM) SE Runtime Environment (13.0.1+9) (build 13.0.1+9)
# Java VM: Java HotSpot(TM) 64-Bit Server VM (13.0.1+9, mixed mode, sharing, tiered, compressed oops, g1 gc, windows-amd64)
Heap:
 garbage-first heap   total 196608K, used 140214K [0x0000000702000000, 0x0000000800000000)
  region size 1024K, 93 young (95232K), 7 survivors (7168K)
 Metaspace       used 74320K, capacity 77648K, committed 77952K, reserved 1116160K
  class space    used 10613K, capacity 11845K, committed 11904K, reserved 1048576K
GC Heap History (20 events):
Event: 3.894 GC heap before
{Heap before GC invocations=14 (full 0):
 garbage-first heap   total 158720K, used 65532K [0x0000000702000000, 0x0000000800000000)
  region size 1024K, 50 young (51200K), 9 survivors (9216K)
 Metaspace       used 34567K, capacity 35736K, committed 35840K, reserved 1079296K
  class space    used 4591K, capacity 5079K, committed 5120K, reserved 1048576K
}
Event: 3.908 GC heap after
{Heap after GC invocations=15 (full 0):
 garbage-first heap   total 158720K, used 25194K [0x0000000702000000, 0x0000000800000000)
  region size 1024K, 5 young (5120K), 5 survivors (5120K)
 Metaspace       used 34567K, capacity 35736K, committed 35840K, reserved 1079296K
  class space    used 4591K, capacity 5079K, committed 5120K, reserved 1048576K
}
Event: 4.370 GC heap before
{Heap before GC invocations=16 (full 0):
 garbage-first heap   total 92160K, used 75370K [0x0000000702000000, 0x0000000800000000)
  region size 1024K, 54 young (55296K), 5 survivors (5120K)
 Metaspace       used 38987K, capacity 40311K, committed 40576K, reserved 1083392K
  class space    used 5194K, capacity 5662K, committed 5760K, reserved 1048576K
}
Event: 4.381 GC heap after
{Heap after GC invocations=17 (full 0):
 garbage-first heap   total 128000K, used 27842K [0x0000000702000000, 0x0000000800000000)
  region size 1024K, 5 young (5120K), 5 survivors (5120K)
 Metaspace       used 38987K, capacity 40311K, committed 40576K, reserved 1083392K
  class space    used 5194K, capacity 5662K, committed 5760K, reserved 1048576K
}
Event: 4.947 GC heap before
{Heap before GC invocations=17 (full 0):
 garbage-first heap   total 128000K, used 96450K [0x0000000702000000, 0x0000000800000000)
  region size 1024K, 72 young (73728K), 5 survivors (5120K)
 Metaspace       used 48332K, capacity 49737K, committed 49920K, reserved 1091584K
  class space    used 6633K, capacity 7131K, committed 7168K, reserved 1048576K
}
Event: 4.956 GC heap after
{Heap after GC invocations=18 (full 0):
 garbage-first heap   total 128000K, used 30513K [0x0000000702000000, 0x0000000800000000)
  region size 1024K, 6 young (6144K), 6 survivors (6144K)
 Metaspace       used 48332K, capacity 49737K, committed 49920K, reserved 1091584K
  class space    used 6633K, capacity 7131K, committed 7168K, reserved 1048576K
}
Event: 5.448 GC heap before
{Heap before GC invocations=18 (full 0):
 garbage-first heap   total 128000K, used 98097K [0x0000000702000000, 0x0000000800000000)
  region size 1024K, 72 young (73728K), 6 survivors (6144K)
 Metaspace       used 53546K, capacity 55132K, committed 55424K, reserved 1097728K
  class space    used 7367K, capacity 7946K, committed 8064K, reserved 1048576K
}
Event: 5.457 GC heap after
{Heap after GC invocations=19 (full 0):
 garbage-first heap   total 128000K, used 33638K [0x0000000702000000, 0x0000000800000000)
  region size 1024K, 6 young (6144K), 6 survivors (6144K)
 Metaspace       used 53546K, capacity 55132K, committed 55424K, reserved 1097728K
  class space    used 7367K, capacity 7946K, committed 8064K, reserved 1048576K
}
Event: 5.892 GC heap before
{Heap before GC invocations=19 (full 0):
 garbage-first heap   total 128000K, used 100198K [0x0000000702000000, 0x0000000800000000)
  region size 1024K, 71 young (72704K), 6 survivors (6144K)
 Metaspace       used 54900K, capacity 56618K, committed 56832K, reserved 1097728K
  class space    used 7546K, capacity 8154K, committed 8192K, reserved 1048576K
}
Event: 5.899 GC heap after
{Heap after GC invocations=20 (full 0):
 garbage-first heap   total 128000K, used 36491K [0x0000000702000000, 0x0000000800000000)
  region size 1024K, 7 young (7168K), 7 survivors (7168K)
 Metaspace       used 54900K, capacity 56618K, committed 56832K, reserved 1097728K
  class space    used 7546K, capacity 8154K, committed 8192K, reserved 1048576K
}
Event: 6.237 GC heap before
{Heap before GC invocations=20 (full 0):
 garbage-first heap   total 128000K, used 101003K [0x0000000702000000, 0x0000000800000000)
  region size 1024K, 70 young (71680K), 7 survivors (7168K)
 Metaspace       used 56153K, capacity 57909K, committed 58112K, reserved 1099776K
  class space    used 7715K, capacity 8359K, committed 8448K, reserved 1048576K
}
Event: 6.245 GC heap after
{Heap after GC invocations=21 (full 0):
 garbage-first heap   total 163840K, used 39527K [0x0000000702000000, 0x0000000800000000)
  region size 1024K, 6 young (6144K), 6 survivors (6144K)
 Metaspace       used 56153K, capacity 57909K, committed 58112K, reserved 1099776K
  class space    used 7715K, capacity 8359K, committed 8448K, reserved 1048576K
}
Event: 6.701 GC heap before
{Heap before GC invocations=21 (full 0):
 garbage-first heap   total 163840K, used 118375K [0x0000000702000000, 0x0000000800000000)
  region size 1024K, 84 young (86016K), 6 survivors (6144K)
 Metaspace       used 58123K, capacity 60065K, committed 60160K, reserved 1101824K
  class space    used 8048K, capacity 8754K, committed 8832K, reserved 1048576K
}
Event: 6.709 GC heap after
{Heap after GC invocations=22 (full 0):
 garbage-first heap   total 163840K, used 43196K [0x0000000702000000, 0x0000000800000000)
  region size 1024K, 10 young (10240K), 10 survivors (10240K)
 Metaspace       used 58123K, capacity 60065K, committed 60160K, reserved 1101824K
  class space    used 8048K, capacity 8754K, committed 8832K, reserved 1048576K
}
Event: 7.196 GC heap before
{Heap before GC invocations=23 (full 0):
 garbage-first heap   total 163840K, used 126140K [0x0000000702000000, 0x0000000800000000)
  region size 1024K, 91 young (93184K), 10 survivors (10240K)
 Metaspace       used 59666K, capacity 61720K, committed 62080K, reserved 1101824K
  class space    used 8333K, capacity 9092K, committed 9216K, reserved 1048576K
}
Event: 7.208 GC heap after
{Heap after GC invocations=24 (full 0):
 garbage-first heap   total 163840K, used 46934K [0x0000000702000000, 0x0000000800000000)
  region size 1024K, 8 young (8192K), 8 survivors (8192K)
 Metaspace       used 59666K, capacity 61720K, committed 62080K, reserved 1101824K
  class space    used 8333K, capacity 9092K, committed 9216K, reserved 1048576K
}
Event: 7.772 GC heap before
{Heap before GC invocations=25 (full 0):
 garbage-first heap   total 163840K, used 128854K [0x0000000702000000, 0x0000000800000000)
  region size 1024K, 88 young (90112K), 8 survivors (8192K)
 Metaspace       used 62654K, capacity 65271K, committed 65408K, reserved 1105920K
  class space    used 8891K, capacity 9849K, committed 9856K, reserved 1048576K
}
Event: 7.783 GC heap after
{Heap after GC invocations=26 (full 0):
 garbage-first heap   total 163840K, used 51148K [0x0000000702000000, 0x0000000800000000)
  region size 1024K, 9 young (9216K), 9 survivors (9216K)
 Metaspace       used 62654K, capacity 65271K, committed 65408K, reserved 1105920K
  class space    used 8891K, capacity 9849K, committed 9856K, reserved 1048576K
}
Event: 8.409 GC heap before
{Heap before GC invocations=26 (full 0):
 garbage-first heap   total 163840K, used 129996K [0x0000000702000000, 0x0000000800000000)
  region size 1024K, 87 young (89088K), 9 survivors (9216K)
 Metaspace       used 65739K, capacity 68529K, committed 68736K, reserved 1107968K
  class space    used 9257K, capacity 10294K, committed 10368K, reserved 1048576K
}
Event: 8.416 GC heap after
{Heap after GC invocations=27 (full 0):
 garbage-first heap   total 196608K, used 52150K [0x0000000702000000, 0x0000000800000000)
  region size 1024K, 7 young (7168K), 7 survivors (7168K)
 Metaspace       used 65739K, capacity 68529K, committed 68736K, reserved 1107968K
  class space    used 9257K, capacity 10294K, committed 10368K, reserved 1048576K
}

