# JRE version: Java(TM) SE Runtime Environment (11.0.6+8) (build 11.0.6+8-LTS)
# Java VM: Java HotSpot(TM) 64-Bit Server VM (11.0.6+8-LTS, mixed mode, tiered, compressed oops, g1 gc, windows-amd64)
Heap:
 garbage-first heap   total 374784K, used 237487K [0x0000000702000000, 0x0000000800000000)
  region size 1024K, 208 young (212992K), 24 survivors (24576K)
 Metaspace       used 83912K, capacity 87422K, committed 87552K, reserved 1124352K
  class space    used 11567K, capacity 12935K, committed 13056K, reserved 1048576K
GC Heap History (10 events):
Event: 3.437 GC heap before
{Heap before GC invocations=7 (full 0):
 garbage-first heap   total 312320K, used 37007K [0x0000000702000000, 0x0000000800000000)
  region size 1024K, 29 young (29696K), 10 survivors (10240K)
 Metaspace       used 34861K, capacity 35787K, committed 35840K, reserved 1081344K
  class space    used 4328K, capacity 4683K, committed 4736K, reserved 1048576K
}
Event: 3.445 GC heap after
{Heap after GC invocations=8 (full 0):
 garbage-first heap   total 312320K, used 19058K [0x0000000702000000, 0x0000000800000000)
  region size 1024K, 10 young (10240K), 10 survivors (10240K)
 Metaspace       used 34861K, capacity 35787K, committed 35840K, reserved 1081344K
  class space    used 4328K, capacity 4683K, committed 4736K, reserved 1048576K
}
Event: 4.756 GC heap before
{Heap before GC invocations=9 (full 0):
 garbage-first heap   total 312320K, used 196210K [0x0000000702000000, 0x0000000800000000)
  region size 1024K, 183 young (187392K), 10 survivors (10240K)
 Metaspace       used 44799K, capacity 46182K, committed 46336K, reserved 1089536K
  class space    used 5575K, capacity 6117K, committed 6144K, reserved 1048576K
}
Event: 4.770 GC heap after
{Heap after GC invocations=10 (full 0):
 garbage-first heap   total 312320K, used 25244K [0x0000000702000000, 0x0000000800000000)
  region size 1024K, 16 young (16384K), 16 survivors (16384K)
 Metaspace       used 44799K, capacity 46182K, committed 46336K, reserved 1089536K
  class space    used 5575K, capacity 6117K, committed 6144K, reserved 1048576K
}
Event: 5.825 GC heap before
{Heap before GC invocations=10 (full 0):
 garbage-first heap   total 312320K, used 137884K [0x0000000702000000, 0x0000000800000000)
  region size 1024K, 127 young (130048K), 16 survivors (16384K)
 Metaspace       used 58536K, capacity 60065K, committed 60160K, reserved 1101824K
  class space    used 7638K, capacity 8236K, committed 8320K, reserved 1048576K
}
Event: 5.844 GC heap after
{Heap after GC invocations=11 (full 0):
 garbage-first heap   total 312320K, used 30628K [0x0000000702000000, 0x0000000800000000)
  region size 1024K, 17 young (17408K), 17 survivors (17408K)
 Metaspace       used 58536K, capacity 60065K, committed 60160K, reserved 1101824K
  class space    used 7638K, capacity 8236K, committed 8320K, reserved 1048576K
}
Event: 7.039 GC heap before
{Heap before GC invocations=12 (full 0):
 garbage-first heap   total 312320K, used 200612K [0x0000000702000000, 0x0000000800000000)
  region size 1024K, 183 young (187392K), 17 survivors (17408K)
 Metaspace       used 65097K, capacity 67054K, committed 67200K, reserved 1107968K
  class space    used 8571K, capacity 9325K, committed 9344K, reserved 1048576K
}
Event: 7.056 GC heap after
{Heap after GC invocations=13 (full 0):
 garbage-first heap   total 374784K, used 38592K [0x0000000702000000, 0x0000000800000000)
  region size 1024K, 14 young (14336K), 14 survivors (14336K)
 Metaspace       used 65097K, capacity 67054K, committed 67200K, reserved 1107968K
  class space    used 8571K, capacity 9325K, committed 9344K, reserved 1048576K
}
Event: 8.389 GC heap before
{Heap before GC invocations=13 (full 0):
 garbage-first heap   total 374784K, used 248512K [0x0000000702000000, 0x0000000800000000)
  region size 1024K, 219 young (224256K), 14 survivors (14336K)
 Metaspace       used 70392K, capacity 72781K, committed 72960K, reserved 1112064K
  class space    used 9464K, capacity 10376K, committed 10496K, reserved 1048576K
}
Event: 8.404 GC heap after
{Heap after GC invocations=14 (full 0):
 garbage-first heap   total 374784K, used 49071K [0x0000000702000000, 0x0000000800000000)
  region size 1024K, 24 young (24576K), 24 survivors (24576K)
 Metaspace       used 70392K, capacity 72781K, committed 72960K, reserved 1112064K
  class space    used 9464K, capacity 10376K, committed 10496K, reserved 1048576K
}

